2025-12-24 13:12:37.563 [restartedMain] INFO  c.e.c.chatapp.ChatappApplication - Starting ChatappApplication using Java 24.0.1 with PID 1500 (C:\Users\y_sudo_462\Documents\VSコード\自主課題\チャットアプリ\chatapp\target\classes started by y_sudo_462 in C:\Users\y_sudo_462\Documents\VSコード\自主課題\チャットアプリ\chatapp)
2025-12-24 13:12:37.564 [restartedMain] DEBUG c.e.c.chatapp.ChatappApplication - Running with Spring Boot v3.5.4, Spring v6.2.9
2025-12-24 13:12:37.565 [restartedMain] INFO  c.e.c.chatapp.ChatappApplication - No active profile set, falling back to 1 default profile: "default"
2025-12-24 13:12:37.920 [restartedMain] INFO  o.s.d.r.c.RepositoryConfigurationDelegate - Bootstrapping Spring Data JPA repositories in DEFAULT mode.
2025-12-24 13:12:37.950 [restartedMain] INFO  o.s.d.r.c.RepositoryConfigurationDelegate - Finished Spring Data repository scanning in 28 ms. Found 7 JPA repository interfaces.
2025-12-24 13:12:38.166 [restartedMain] INFO  o.s.b.w.e.tomcat.TomcatWebServer - Tomcat initialized with port 9090 (http)
2025-12-24 13:12:38.167 [restartedMain] INFO  o.a.catalina.core.StandardService - Starting service [Tomcat]
2025-12-24 13:12:38.167 [restartedMain] INFO  o.a.catalina.core.StandardEngine - Starting Servlet engine: [Apache Tomcat/10.1.43]
2025-12-24 13:12:38.193 [restartedMain] INFO  o.a.c.c.C.[Tomcat].[localhost].[/] - Initializing Spring embedded WebApplicationContext
2025-12-24 13:12:38.194 [restartedMain] INFO  o.s.b.w.s.c.ServletWebServerApplicationContext - Root WebApplicationContext: initialization completed in 623 ms
2025-12-24 13:12:38.254 [restartedMain] INFO  o.h.jpa.internal.util.LogHelper - HHH000204: Processing PersistenceUnitInfo [name: default]
2025-12-24 13:12:38.260 [restartedMain] INFO  o.h.c.i.RegionFactoryInitiator - HHH000026: Second-level cache disabled
2025-12-24 13:12:38.277 [restartedMain] INFO  o.s.o.j.p.SpringPersistenceUnitInfo - No LoadTimeWeaver setup: ignoring JPA class transformer
2025-12-24 13:12:38.281 [restartedMain] INFO  com.zaxxer.hikari.HikariDataSource - HikariPool-2 - Starting...
2025-12-24 13:12:38.284 [restartedMain] INFO  com.zaxxer.hikari.pool.HikariPool - HikariPool-2 - Added connection org.sqlite.jdbc4.JDBC4Connection@34883600
2025-12-24 13:12:38.285 [restartedMain] INFO  com.zaxxer.hikari.HikariDataSource - HikariPool-2 - Start completed.
2025-12-24 13:12:38.286 [restartedMain] INFO  o.hibernate.orm.connections.pooling - HHH10001005: Database info:
	Database JDBC URL [Connecting through datasource 'HikariDataSource (HikariPool-2)']
	Database driver: undefined/unknown
	Database version: 3.49.1
	Autocommit mode: undefined/unknown
	Isolation level: undefined/unknown
	Minimum pool size: undefined/unknown
	Maximum pool size: undefined/unknown
2025-12-24 13:12:38.489 [restartedMain] INFO  o.h.e.t.j.p.i.JtaPlatformInitiator - HHH000489: No JTA platform available (set 'hibernate.transaction.jta.platform' to enable JTA platform integration)
2025-12-24 13:12:38.494 [restartedMain] INFO  o.s.o.j.LocalContainerEntityManagerFactoryBean - Initialized JPA EntityManagerFactory for persistence unit 'default'
2025-12-24 13:12:38.773 [restartedMain] WARN  o.s.b.a.o.j.JpaBaseConfiguration$JpaWebConfiguration - spring.jpa.open-in-view is enabled by default. Therefore, database queries may be performed during view rendering. Explicitly configure spring.jpa.open-in-view to disable this warning
2025-12-24 13:12:38.781 [restartedMain] DEBUG o.s.w.s.s.s.WebSocketHandlerMapping - Patterns [/ws/**] in 'stompWebSocketHandlerMapping'
2025-12-24 13:12:38.817 [restartedMain] DEBUG o.s.w.s.m.m.a.RequestMappingHandlerMapping - 66 mappings in 'requestMappingHandlerMapping'
2025-12-24 13:12:38.820 [restartedMain] DEBUG o.s.w.s.h.SimpleUrlHandlerMapping - Patterns [/, /index, /home, /dashboard, /main, /app, /error] in 'viewControllerHandlerMapping'
2025-12-24 13:12:38.832 [restartedMain] DEBUG o.s.w.s.h.SimpleUrlHandlerMapping - Patterns [/webjars/**, /**, /uploads/avatars/**] in 'resourceHandlerMapping'
2025-12-24 13:12:38.841 [restartedMain] INFO  o.s.s.c.a.a.c.InitializeUserDetailsBeanManagerConfigurer$InitializeUserDetailsManagerConfigurer - Global AuthenticationManager configured with UserDetailsService bean with name customUserDetailsService
2025-12-24 13:12:38.881 [restartedMain] DEBUG o.s.w.s.m.WebSocketAnnotationMethodMessageHandler - 
	c.e.c.c.AuthController:
	
2025-12-24 13:12:38.882 [restartedMain] DEBUG o.s.w.s.m.WebSocketAnnotationMethodMessageHandler - 
	c.e.c.c.ChatController:
	{[MESSAGE],[/chat.addUser]}: addUser(MessageDto,Authentication)
	{[MESSAGE],[/chat.sendMessage]}: sendMessage(MessageDto,Authentication)
2025-12-24 13:12:38.883 [restartedMain] DEBUG o.s.w.s.m.WebSocketAnnotationMethodMessageHandler - 
	c.e.c.c.ChatRoomController:
	
2025-12-24 13:12:38.883 [restartedMain] DEBUG o.s.w.s.m.WebSocketAnnotationMethodMessageHandler - 
	c.e.c.c.CustomErrorController:
	
2025-12-24 13:12:38.884 [restartedMain] DEBUG o.s.w.s.m.WebSocketAnnotationMethodMessageHandler - 
	c.e.c.c.DebugController:
	
2025-12-24 13:12:38.884 [restartedMain] DEBUG o.s.w.s.m.WebSocketAnnotationMethodMessageHandler - 
	c.e.c.c.DebugModeController:
	
2025-12-24 13:12:38.884 [restartedMain] DEBUG o.s.w.s.m.WebSocketAnnotationMethodMessageHandler - 
	c.e.c.c.FriendController:
	
2025-12-24 13:12:38.885 [restartedMain] DEBUG o.s.w.s.m.WebSocketAnnotationMethodMessageHandler - 
	c.e.c.c.MultiSessionController:
	
2025-12-24 13:12:38.885 [restartedMain] DEBUG o.s.w.s.m.WebSocketAnnotationMethodMessageHandler - 
	c.e.c.c.OnlineStatusController:
	
2025-12-24 13:12:38.885 [restartedMain] DEBUG o.s.w.s.m.WebSocketAnnotationMethodMessageHandler - 
	c.e.c.c.ProfileController:
	
2025-12-24 13:12:38.886 [restartedMain] DEBUG o.s.w.s.m.WebSocketAnnotationMethodMessageHandler - 
	c.e.c.c.RandomMatchingController:
	
2025-12-24 13:12:38.886 [restartedMain] DEBUG o.s.w.s.m.WebSocketAnnotationMethodMessageHandler - 
	c.e.c.c.ReportApiController:
	
2025-12-24 13:12:38.886 [restartedMain] DEBUG o.s.w.s.m.WebSocketAnnotationMethodMessageHandler - 
	c.e.c.c.SessionDebugController:
	
2025-12-24 13:12:38.886 [restartedMain] DEBUG o.s.w.s.m.WebSocketAnnotationMethodMessageHandler - 
	c.e.c.c.TestController:
	
2025-12-24 13:12:38.887 [restartedMain] DEBUG o.s.w.s.m.WebSocketAnnotationMethodMessageHandler - 
	c.e.c.c.UserApiController:
	
2025-12-24 13:12:38.905 [restartedMain] DEBUG o.s.w.s.m.m.a.RequestMappingHandlerAdapter - ControllerAdvice beans: 0 @ModelAttribute, 0 @InitBinder, 1 RequestBodyAdvice, 1 ResponseBodyAdvice
2025-12-24 13:12:38.920 [restartedMain] DEBUG o.s.w.s.m.m.a.ExceptionHandlerExceptionResolver - ControllerAdvice beans: 1 @ExceptionHandler, 1 ResponseBodyAdvice
2025-12-24 13:12:38.926 [restartedMain] INFO  o.s.b.a.h.H2ConsoleAutoConfiguration - H2 console available at '/h2-console'. Database available at 'jdbc:sqlite:./chatapp.db'
2025-12-24 13:12:38.940 [restartedMain] INFO  o.s.b.d.a.OptionalLiveReloadServer - LiveReload server is running on port 35729
2025-12-24 13:12:38.949 [restartedMain] DEBUG org.springframework.web.SimpLogging - clientOutboundChannel added SubProtocolWebSocketHandler[StompSubProtocolHandler[v10.stomp, v11.stomp, v12.stomp]]
2025-12-24 13:12:38.949 [restartedMain] DEBUG org.springframework.web.SimpLogging - clientInboundChannel added WebSocketAnnotationMethodMessageHandler[prefixes=[/app/]]
2025-12-24 13:12:38.949 [restartedMain] INFO  o.s.m.s.b.SimpleBrokerMessageHandler - Starting...
2025-12-24 13:12:38.950 [restartedMain] DEBUG org.springframework.web.SimpLogging - clientInboundChannel added SimpleBrokerMessageHandler [org.springframework.messaging.simp.broker.DefaultSubscriptionRegistry@680e3d5a]
2025-12-24 13:12:38.950 [restartedMain] DEBUG org.springframework.web.SimpLogging - brokerChannel added SimpleBrokerMessageHandler [org.springframework.messaging.simp.broker.DefaultSubscriptionRegistry@680e3d5a]
2025-12-24 13:12:38.950 [restartedMain] INFO  o.s.m.s.b.SimpleBrokerMessageHandler - BrokerAvailabilityEvent[available=true, SimpleBrokerMessageHandler [org.springframework.messaging.simp.broker.DefaultSubscriptionRegistry@680e3d5a]]
2025-12-24 13:12:38.951 [restartedMain] INFO  o.s.m.s.b.SimpleBrokerMessageHandler - Started.
2025-12-24 13:12:38.951 [restartedMain] DEBUG org.springframework.web.SimpLogging - clientInboundChannel added UserDestinationMessageHandler[DefaultUserDestinationResolver[prefix=/user/]]
2025-12-24 13:12:38.951 [restartedMain] DEBUG org.springframework.web.SimpLogging - brokerChannel added UserDestinationMessageHandler[DefaultUserDestinationResolver[prefix=/user/]]
2025-12-24 13:12:38.956 [restartedMain] INFO  o.s.b.w.e.tomcat.TomcatWebServer - Tomcat started on port 9090 (http) with context path '/'
2025-12-24 13:12:38.959 [restartedMain] INFO  c.e.c.chatapp.ChatappApplication - Started ChatappApplication in 1.487 seconds (process running for 13471.608)
2025-12-24 13:12:38.997 [restartedMain] INFO  o.s.b.d.a.ConditionEvaluationDeltaLoggingListener - Condition evaluation unchanged
2025-12-24 13:13:38.948 [MessageBroker-1] INFO  o.s.w.s.c.WebSocketMessageBrokerStats - WebSocketSession[0 current WS(0)-HttpStream(0)-HttpPoll(0), 0 total, 0 closed abnormally (0 connect failure, 0 send limit, 0 transport error)], stompSubProtocol[processed CONNECT(0)-CONNECTED(0)-DISCONNECT(0)], stompBrokerRelay[null], inboundChannel[pool size = 0, active threads = 0, queued tasks = 0, completed tasks = 0], outboundChannel[pool size = 0, active threads = 0, queued tasks = 0, completed tasks = 0], sockJsScheduler[pool size = 1, active threads = 1, queued tasks = 0, completed tasks = 0]
2025-12-24 13:13:51.010 [File Watcher] INFO  o.s.b.d.a.LocalDevToolsAutoConfiguration$RestartingClassPathChangeChangedEventListener - Restarting due to 2 class path changes (1 addition, 0 deletions, 1 modification)
2025-12-24 13:13:51.012 [Thread-22] INFO  o.s.b.w.e.tomcat.GracefulShutdown - Commencing graceful shutdown. Waiting for active requests to complete
2025-12-24 13:13:51.018 [tomcat-shutdown] INFO  o.s.b.w.e.tomcat.GracefulShutdown - Graceful shutdown complete
2025-12-24 13:13:51.020 [Thread-22] DEBUG org.springframework.web.SimpLogging - clientOutboundChannel removed SubProtocolWebSocketHandler[StompSubProtocolHandler[v10.stomp, v11.stomp, v12.stomp]]
2025-12-24 13:13:51.020 [Thread-22] DEBUG org.springframework.web.SimpLogging - clientInboundChannel removed WebSocketAnnotationMethodMessageHandler[prefixes=[/app/]]
2025-12-24 13:13:51.020 [Thread-22] INFO  o.s.m.s.b.SimpleBrokerMessageHandler - Stopping...
2025-12-24 13:13:51.020 [Thread-22] INFO  o.s.m.s.b.SimpleBrokerMessageHandler - BrokerAvailabilityEvent[available=false, SimpleBrokerMessageHandler [org.springframework.messaging.simp.broker.DefaultSubscriptionRegistry@680e3d5a]]
2025-12-24 13:13:51.021 [Thread-22] DEBUG org.springframework.web.SimpLogging - clientInboundChannel removed SimpleBrokerMessageHandler [org.springframework.messaging.simp.broker.DefaultSubscriptionRegistry@680e3d5a]
2025-12-24 13:13:51.021 [Thread-22] DEBUG org.springframework.web.SimpLogging - brokerChannel removed SimpleBrokerMessageHandler [org.springframework.messaging.simp.broker.DefaultSubscriptionRegistry@680e3d5a]
2025-12-24 13:13:51.021 [Thread-22] INFO  o.s.m.s.b.SimpleBrokerMessageHandler - Stopped.
2025-12-24 13:13:51.021 [Thread-22] DEBUG org.springframework.web.SimpLogging - clientInboundChannel removed UserDestinationMessageHandler[DefaultUserDestinationResolver[prefix=/user/]]
2025-12-24 13:13:51.021 [Thread-22] DEBUG org.springframework.web.SimpLogging - brokerChannel removed UserDestinationMessageHandler[DefaultUserDestinationResolver[prefix=/user/]]
2025-12-24 13:13:51.023 [Thread-22] INFO  o.s.o.j.LocalContainerEntityManagerFactoryBean - Closing JPA EntityManagerFactory for persistence unit 'default'
2025-12-24 13:13:51.023 [Thread-22] INFO  com.zaxxer.hikari.HikariDataSource - HikariPool-2 - Shutdown initiated...
2025-12-24 13:13:51.025 [Thread-22] INFO  com.zaxxer.hikari.HikariDataSource - HikariPool-2 - Shutdown completed.
